<?xml version="1.0" encoding="UTF-8"?>
<coverage generated="1589233837546" clover="3.2.0">
  <project timestamp="1589233837546" name="All files">
    <metrics statements="39" coveredstatements="2" conditionals="8" coveredconditionals="0" methods="18" coveredmethods="2" elements="65" coveredelements="4" complexity="0" loc="39" ncloc="39" packages="5" files="8" classes="8"/>
    <package name="src">
      <metrics statements="1" coveredstatements="0" conditionals="0" coveredconditionals="0" methods="0" coveredmethods="0"/>
      <file name="App.vue" path="C:\Users\zeezl\Desktop\instabug task 1\vue-todos\src\App.vue">
        <metrics statements="1" coveredstatements="0" conditionals="0" coveredconditionals="0" methods="0" coveredmethods="0"/>
        <line num="9" count="0" type="stmt"/>
      </file>
    </package>
    <package name="src.components">
      <metrics statements="30" coveredstatements="2" conditionals="8" coveredconditionals="0" methods="15" coveredmethods="2"/>
      <file name="CreateTodo.vue" path="C:\Users\zeezl\Desktop\instabug task 1\vue-todos\src\components\CreateTodo.vue">
        <metrics statements="4" coveredstatements="1" conditionals="2" coveredconditionals="0" methods="2" coveredmethods="1"/>
        <line num="16" count="3" type="stmt"/>
        <line num="22" count="0" type="cond" truecount="0" falsecount="2"/>
        <line num="23" count="0" type="stmt"/>
        <line num="25" count="0" type="stmt"/>
      </file>
      <file name="Todo.vue" path="C:\Users\zeezl\Desktop\instabug task 1\vue-todos\src\components\Todo.vue">
        <metrics statements="12" coveredstatements="1" conditionals="2" coveredconditionals="0" methods="6" coveredmethods="1"/>
        <line num="49" count="5" type="stmt"/>
        <line num="61" count="0" type="cond" truecount="0" falsecount="2"/>
        <line num="62" count="0" type="stmt"/>
        <line num="64" count="0" type="stmt"/>
        <line num="65" count="0" type="stmt"/>
        <line num="66" count="0" type="stmt"/>
        <line num="70" count="0" type="stmt"/>
        <line num="71" count="0" type="stmt"/>
        <line num="74" count="0" type="stmt"/>
        <line num="75" count="0" type="stmt"/>
        <line num="76" count="0" type="stmt"/>
        <line num="79" count="0" type="stmt"/>
      </file>
      <file name="TodoList.vue" path="C:\Users\zeezl\Desktop\instabug task 1\vue-todos\src\components\TodoList.vue">
        <metrics statements="14" coveredstatements="0" conditionals="4" coveredconditionals="0" methods="7" coveredmethods="0"/>
        <line num="44" count="0" type="stmt"/>
        <line num="45" count="0" type="stmt"/>
        <line num="53" count="0" type="stmt"/>
        <line num="60" count="0" type="stmt"/>
        <line num="61" count="0" type="stmt"/>
        <line num="64" count="0" type="stmt"/>
        <line num="65" count="0" type="stmt"/>
        <line num="66" count="0" type="stmt"/>
        <line num="67" count="0" type="stmt"/>
        <line num="71" count="0" type="stmt"/>
        <line num="72" count="0" type="stmt"/>
        <line num="75" count="0" type="stmt"/>
        <line num="79" count="0" type="cond" truecount="0" falsecount="2"/>
        <line num="80" count="0" type="cond" truecount="0" falsecount="2"/>
      </file>
    </package>
    <package name="src.components.layout">
      <metrics statements="1" coveredstatements="0" conditionals="0" coveredconditionals="0" methods="1" coveredmethods="0"/>
      <file name="Header.vue" path="C:\Users\zeezl\Desktop\instabug task 1\vue-todos\src\components\layout\Header.vue">
        <metrics statements="1" coveredstatements="0" conditionals="0" coveredconditionals="0" methods="1" coveredmethods="0"/>
        <line num="18" count="0" type="stmt"/>
      </file>
    </package>
    <package name="src.router">
      <metrics statements="5" coveredstatements="0" conditionals="0" coveredconditionals="0" methods="2" coveredmethods="0"/>
      <file name="index.js" path="C:\Users\zeezl\Desktop\instabug task 1\vue-todos\src\router\index.js">
        <metrics statements="5" coveredstatements="0" conditionals="0" coveredconditionals="0" methods="2" coveredmethods="0"/>
        <line num="5" count="0" type="stmt"/>
        <line num="7" count="0" type="stmt"/>
        <line num="16" count="0" type="stmt"/>
        <line num="21" count="0" type="stmt"/>
        <line num="25" count="0" type="stmt"/>
      </file>
    </package>
    <package name="src.views">
      <metrics statements="2" coveredstatements="0" conditionals="0" coveredconditionals="0" methods="0" coveredmethods="0"/>
      <file name="DoneTodos.vue" path="C:\Users\zeezl\Desktop\instabug task 1\vue-todos\src\views\DoneTodos.vue">
        <metrics statements="1" coveredstatements="0" conditionals="0" coveredconditionals="0" methods="0" coveredmethods="0"/>
        <line num="6" count="0" type="stmt"/>
      </file>
      <file name="Todos.vue" path="C:\Users\zeezl\Desktop\instabug task 1\vue-todos\src\views\Todos.vue">
        <metrics statements="1" coveredstatements="0" conditionals="0" coveredconditionals="0" methods="0" coveredmethods="0"/>
        <line num="6" count="0" type="stmt"/>
      </file>
    </package>
  </project>
</coverage>
