TN:
SF:C:\Users\zeezl\Desktop\instabug task 1\vue-todos\src\App.vue
FNF:0
FNH:0
DA:9,0
LF:1
LH:0
BRF:0
BRH:0
end_of_record
TN:
SF:C:\Users\zeezl\Desktop\instabug task 1\vue-todos\src\components\CreateTodo.vue
FN:15,(anonymous_1)
FN:21,(anonymous_2)
FNF:2
FNH:1
FNDA:3,(anonymous_1)
FNDA:0,(anonymous_2)
DA:16,3
DA:22,0
DA:23,0
DA:25,0
LF:4
LH:1
BRDA:22,0,0,0
BRDA:22,0,1,0
BRF:2
BRH:0
end_of_record
TN:
SF:C:\Users\zeezl\Desktop\instabug task 1\vue-todos\src\components\Todo.vue
FN:48,(anonymous_1)
FN:60,(anonymous_2)
FN:66,(anonymous_3)
FN:69,(anonymous_4)
FN:73,(anonymous_5)
FN:78,(anonymous_6)
FNF:6
FNH:1
FNDA:5,(anonymous_1)
FNDA:0,(anonymous_2)
FNDA:0,(anonymous_3)
FNDA:0,(anonymous_4)
FNDA:0,(anonymous_5)
FNDA:0,(anonymous_6)
DA:49,5
DA:61,0
DA:62,0
DA:64,0
DA:65,0
DA:66,0
DA:70,0
DA:71,0
DA:74,0
DA:75,0
DA:76,0
DA:79,0
LF:12
LH:1
BRDA:61,0,0,0
BRDA:61,0,1,0
BRF:2
BRH:0
end_of_record
TN:
SF:C:\Users\zeezl\Desktop\instabug task 1\vue-todos\src\components\TodoList.vue
FN:52,(anonymous_1)
FN:59,(anonymous_2)
FN:63,(anonymous_3)
FN:70,(anonymous_4)
FN:71,(anonymous_5)
FN:74,(anonymous_6)
FN:78,(anonymous_7)
FNF:7
FNH:0
FNDA:0,(anonymous_1)
FNDA:0,(anonymous_2)
FNDA:0,(anonymous_3)
FNDA:0,(anonymous_4)
FNDA:0,(anonymous_5)
FNDA:0,(anonymous_6)
FNDA:0,(anonymous_7)
DA:44,0
DA:45,0
DA:53,0
DA:60,0
DA:61,0
DA:64,0
DA:65,0
DA:66,0
DA:67,0
DA:71,0
DA:72,0
DA:75,0
DA:79,0
DA:80,0
LF:14
LH:0
BRDA:79,0,0,0
BRDA:79,0,1,0
BRDA:80,1,0,0
BRDA:80,1,1,0
BRF:4
BRH:0
end_of_record
TN:
SF:C:\Users\zeezl\Desktop\instabug task 1\vue-todos\src\components\layout\Header.vue
FN:17,(anonymous_1)
FNF:1
FNH:0
FNDA:0,(anonymous_1)
DA:18,0
LF:1
LH:0
BRF:0
BRH:0
end_of_record
TN:
SF:C:\Users\zeezl\Desktop\instabug task 1\vue-todos\src\router\index.js
FN:16,(anonymous_0)
FN:21,(anonymous_1)
FNF:2
FNH:0
FNDA:0,(anonymous_0)
FNDA:0,(anonymous_1)
DA:5,0
DA:7,0
DA:16,0
DA:21,0
DA:25,0
LF:5
LH:0
BRF:0
BRH:0
end_of_record
TN:
SF:C:\Users\zeezl\Desktop\instabug task 1\vue-todos\src\views\DoneTodos.vue
FNF:0
FNH:0
DA:6,0
LF:1
LH:0
BRF:0
BRH:0
end_of_record
TN:
SF:C:\Users\zeezl\Desktop\instabug task 1\vue-todos\src\views\Todos.vue
FNF:0
FNH:0
DA:6,0
LF:1
LH:0
BRF:0
BRH:0
end_of_record
